<?xml version="1.0" encoding="UTF-8"?>
<!-- Generated by org.testng.reporters.JUnitReportReporter -->
<testsuite hostname="DESKTOP-SBDTPS2" failures="0" tests="1" name="automation.NewTest" time="55.758" errors="0" timestamp="08 Sep 2020 09:53:55 GMT" skipped="0">
  <testcase classname="automation.NewTest" name="orderflowAsGuest" time="55.758"/>
</testsuite> <!-- automation.NewTest -->
